<?xml version="1.0" encoding="UTF-8"?>
<testsuite xmlns:xsi="http://www.w3.org/2001/XMLSchema-instance" xsi:noNamespaceSchemaLocation="https://maven.apache.org/surefire/maven-surefire-plugin/xsd/surefire-test-report.xsd" name="com.cognizant.springlearn.SpringLearnApplicationTests" time="3.398" tests="4" errors="0" skipped="0" failures="0">
  <properties>
[...]
</properties>
  <testcase name="testGetCountryByCode" classname="com.cognizant.springlearn.SpringLearnApplicationTests" time="0.523"/>
  <testcase name="testGetCountryNotFound" classname="com.cognizant.springlearn.SpringLearnApplicationTests" time="0.011"/>
  <testcase name="contextLoads" classname="com.cognizant.springlearn.SpringLearnApplicationTests" time="0.007"/>
  <testcase name="testGetCountry" classname="com.cognizant.springlearn.SpringLearnApplicationTests" time="0.006"/>
</testsuite>